[debug] [2025-07-12T16:37:23.852Z] ----------------------------------------------------------------------
[debug] [2025-07-12T16:37:23.855Z] Command:       /nix/store/rbdrkcs5kkwpalxcd7c6bnm33lk2955n-nodejs-20.19.0/bin/node /home/user/.global_modules/bin/firebase init hosting
[debug] [2025-07-12T16:37:23.855Z] CLI Version:   14.10.1
[debug] [2025-07-12T16:37:23.856Z] Platform:      linux
[debug] [2025-07-12T16:37:23.856Z] Node Version:  v20.19.0
[debug] [2025-07-12T16:37:23.856Z] Time:          Sat Jul 12 2025 16:37:23 GMT+0000 (Coordinated Universal Time)
[debug] [2025-07-12T16:37:23.856Z] ----------------------------------------------------------------------
[debug] 
[debug] [2025-07-12T16:37:23.862Z] > command requires scopes: ["email","openid","https://www.googleapis.com/auth/cloudplatformprojects.readonly","https://www.googleapis.com/auth/firebase","https://www.googleapis.com/auth/cloud-platform"]
[debug] [2025-07-12T16:37:23.863Z] > authorizing via signed-in user (dhaneeshkmrt@gmail.com)
[info] 
     ######## #### ########  ######## ########     ###     ######  ########
     ##        ##  ##     ## ##       ##     ##  ##   ##  ##       ##
     ######    ##  ########  ######   ########  #########  ######  ######
     ##        ##  ##    ##  ##       ##     ## ##     ##       ## ##
     ##       #### ##     ## ######## ########  ##     ##  ######  ########

You're about to initialize a Firebase project in this directory:

  /home/user/studio

[info] 
=== Project Setup
[info] 
[info] First, let's associate this project directory with a Firebase project.
[info] You can create multiple project aliases by running firebase use --add, 
[info] but for now we'll just set up a default project.
[info] 
[debug] [2025-07-12T16:38:19.559Z] Checked if tokens are valid: true, expires at: 1752341821784
[debug] [2025-07-12T16:38:19.564Z] Checked if tokens are valid: true, expires at: 1752341821784
[debug] [2025-07-12T16:38:19.573Z] >>> [apiv2][query] GET https://firebase.googleapis.com/v1beta1/projects pageSize=100
[debug] [2025-07-12T16:38:20.125Z] <<< [apiv2][status] GET https://firebase.googleapis.com/v1beta1/projects 200
[debug] [2025-07-12T16:38:20.128Z] <<< [apiv2][body] GET https://firebase.googleapis.com/v1beta1/projects [omitted]
